# JRE version: OpenJDK Runtime Environment Temurin-17.0.11+9 (17.0.11+9) (build 17.0.11+9)
# Java VM: OpenJDK 64-Bit Server VM Temurin-17.0.11+9 (17.0.11+9, mixed mode, tiered, compressed oops, compressed class ptrs, parallel gc, windows-amd64)
GC Precious Log:
 CPUs: 4 total, 4 available
 Memory: 8135M
 Large Page Support: Disabled
 NUMA Support: Disabled
 Compressed Oops: Enabled (32-bit)
 Alignments: Space 512K, Generation 512K, Heap 2M
 Heap Min Capacity: 100M
 Heap Initial Capacity: 100M
 Heap Max Capacity: 1G
 Pre-touch: Disabled
 Parallel Workers: 4
Heap:
 PSYoungGen      total 3584K, used 352K [0x00000000eab00000, 0x00000000eaf80000, 0x0000000100000000)
  eden space 2560K, 0% used [0x00000000eab00000,0x00000000eab00000,0x00000000ead80000)
  from space 1024K, 34% used [0x00000000ead80000,0x00000000eadd8000,0x00000000eae80000)
  to   space 1024K, 0% used [0x00000000eae80000,0x00000000eae80000,0x00000000eaf80000)
 ParOldGen       total 173568K, used 173208K [0x00000000c0000000, 0x00000000ca980000, 0x00000000eab00000)
  object space 173568K, 99% used [0x00000000c0000000,0x00000000ca9262d8,0x00000000ca980000)
 Metaspace       used 100705K, committed 102080K, reserved 1179648K
  class space    used 10449K, committed 11072K, reserved 1048576K
GC Heap History (20 events):
Event: 12984.827 GC heap after
{Heap after GC invocations=2693 (full 55):
 PSYoungGen      total 3072K, used 352K [0x00000000eab00000, 0x00000000eae80000, 0x0000000100000000)
  eden space 2560K, 0% used [0x00000000eab00000,0x00000000eab00000,0x00000000ead80000)
  from space 512K, 68% used [0x00000000eae00000,0x00000000eae58000,0x00000000eae80000)
  to   space 512K, 0% used [0x00000000ead80000,0x00000000ead80000,0x00000000eae00000)
 ParOldGen       total 173568K, used 169720K [0x00000000c0000000, 0x00000000ca980000, 0x00000000eab00000)
  object space 173568K, 97% used [0x00000000c0000000,0x00000000ca5be3f8,0x00000000ca980000)
 Metaspace       used 100702K, committed 102080K, reserved 1179648K
  class space    used 10449K, committed 11072K, reserved 1048576K
}
Event: 12985.089 GC heap before
{Heap before GC invocations=2694 (full 55):
 PSYoungGen      total 3072K, used 2912K [0x00000000eab00000, 0x00000000eae80000, 0x0000000100000000)
  eden space 2560K, 100% used [0x00000000eab00000,0x00000000ead80000,0x00000000ead80000)
  from space 512K, 68% used [0x00000000eae00000,0x00000000eae58000,0x00000000eae80000)
  to   space 512K, 0% used [0x00000000ead80000,0x00000000ead80000,0x00000000eae00000)
 ParOldGen       total 173568K, used 169720K [0x00000000c0000000, 0x00000000ca980000, 0x00000000eab00000)
  object space 173568K, 97% used [0x00000000c0000000,0x00000000ca5be3f8,0x00000000ca980000)
 Metaspace       used 100702K, committed 102080K, reserved 1179648K
  class space    used 10449K, committed 11072K, reserved 1048576K
}
Event: 12985.092 GC heap after
{Heap after GC invocations=2694 (full 55):
 PSYoungGen      total 3072K, used 436K [0x00000000eab00000, 0x00000000eae80000, 0x0000000100000000)
  eden space 2560K, 0% used [0x00000000eab00000,0x00000000eab00000,0x00000000ead80000)
  from space 512K, 85% used [0x00000000ead80000,0x00000000eaded200,0x00000000eae00000)
  to   space 512K, 0% used [0x00000000eae00000,0x00000000eae00000,0x00000000eae80000)
 ParOldGen       total 173568K, used 170037K [0x00000000c0000000, 0x00000000ca980000, 0x00000000eab00000)
  object space 173568K, 97% used [0x00000000c0000000,0x00000000ca60d678,0x00000000ca980000)
 Metaspace       used 100702K, committed 102080K, reserved 1179648K
  class space    used 10449K, committed 11072K, reserved 1048576K
}
Event: 12985.101 GC heap before
{Heap before GC invocations=2695 (full 55):
 PSYoungGen      total 3072K, used 2996K [0x00000000eab00000, 0x00000000eae80000, 0x0000000100000000)
  eden space 2560K, 100% used [0x00000000eab00000,0x00000000ead80000,0x00000000ead80000)
  from space 512K, 85% used [0x00000000ead80000,0x00000000eaded200,0x00000000eae00000)
  to   space 512K, 0% used [0x00000000eae00000,0x00000000eae00000,0x00000000eae80000)
 ParOldGen       total 173568K, used 170037K [0x00000000c0000000, 0x00000000ca980000, 0x00000000eab00000)
  object space 173568K, 97% used [0x00000000c0000000,0x00000000ca60d678,0x00000000ca980000)
 Metaspace       used 100702K, committed 102080K, reserved 1179648K
  class space    used 10449K, committed 11072K, reserved 1048576K
}
Event: 12985.104 GC heap after
{Heap after GC invocations=2695 (full 55):
 PSYoungGen      total 3072K, used 490K [0x00000000eab00000, 0x00000000eae80000, 0x0000000100000000)
  eden space 2560K, 0% used [0x00000000eab00000,0x00000000eab00000,0x00000000ead80000)
  from space 512K, 95% used [0x00000000eae00000,0x00000000eae7a910,0x00000000eae80000)
  to   space 512K, 0% used [0x00000000ead80000,0x00000000ead80000,0x00000000eae00000)
 ParOldGen       total 173568K, used 170450K [0x00000000c0000000, 0x00000000ca980000, 0x00000000eab00000)
  object space 173568K, 98% used [0x00000000c0000000,0x00000000ca674878,0x00000000ca980000)
 Metaspace       used 100702K, committed 102080K, reserved 1179648K
  class space    used 10449K, committed 11072K, reserved 1048576K
}
Event: 12985.114 GC heap before
{Heap before GC invocations=2696 (full 55):
 PSYoungGen      total 3072K, used 3050K [0x00000000eab00000, 0x00000000eae80000, 0x0000000100000000)
  eden space 2560K, 100% used [0x00000000eab00000,0x00000000ead80000,0x00000000ead80000)
  from space 512K, 95% used [0x00000000eae00000,0x00000000eae7a910,0x00000000eae80000)
  to   space 512K, 0% used [0x00000000ead80000,0x00000000ead80000,0x00000000eae00000)
 ParOldGen       total 173568K, used 170450K [0x00000000c0000000, 0x00000000ca980000, 0x00000000eab00000)
  object space 173568K, 98% used [0x00000000c0000000,0x00000000ca674878,0x00000000ca980000)
 Metaspace       used 100702K, committed 102080K, reserved 1179648K
  class space    used 10449K, committed 11072K, reserved 1048576K
}
Event: 12985.117 GC heap after
{Heap after GC invocations=2696 (full 55):
 PSYoungGen      total 3072K, used 352K [0x00000000eab00000, 0x00000000eaf00000, 0x0000000100000000)
  eden space 2560K, 0% used [0x00000000eab00000,0x00000000eab00000,0x00000000ead80000)
  from space 512K, 68% used [0x00000000ead80000,0x00000000eadd8000,0x00000000eae00000)
  to   space 512K, 0% used [0x00000000eae80000,0x00000000eae80000,0x00000000eaf00000)
 ParOldGen       total 173568K, used 170886K [0x00000000c0000000, 0x00000000ca980000, 0x00000000eab00000)
  object space 173568K, 98% used [0x00000000c0000000,0x00000000ca6e1a98,0x00000000ca980000)
 Metaspace       used 100702K, committed 102080K, reserved 1179648K
  class space    used 10449K, committed 11072K, reserved 1048576K
}
Event: 12985.304 GC heap before
{Heap before GC invocations=2697 (full 55):
 PSYoungGen      total 3072K, used 2912K [0x00000000eab00000, 0x00000000eaf00000, 0x0000000100000000)
  eden space 2560K, 100% used [0x00000000eab00000,0x00000000ead80000,0x00000000ead80000)
  from space 512K, 68% used [0x00000000ead80000,0x00000000eadd8000,0x00000000eae00000)
  to   space 512K, 0% used [0x00000000eae80000,0x00000000eae80000,0x00000000eaf00000)
 ParOldGen       total 173568K, used 170886K [0x00000000c0000000, 0x00000000ca980000, 0x00000000eab00000)
  object space 173568K, 98% used [0x00000000c0000000,0x00000000ca6e1a98,0x00000000ca980000)
 Metaspace       used 100703K, committed 102080K, reserved 1179648K
  class space    used 10449K, committed 11072K, reserved 1048576K
}
Event: 12985.306 GC heap after
{Heap after GC invocations=2697 (full 55):
 PSYoungGen      total 3072K, used 442K [0x00000000eab00000, 0x00000000eaf00000, 0x0000000100000000)
  eden space 2560K, 0% used [0x00000000eab00000,0x00000000eab00000,0x00000000ead80000)
  from space 512K, 86% used [0x00000000eae80000,0x00000000eaeee900,0x00000000eaf00000)
  to   space 512K, 0% used [0x00000000ead80000,0x00000000ead80000,0x00000000eae00000)
 ParOldGen       total 173568K, used 171190K [0x00000000c0000000, 0x00000000ca980000, 0x00000000eab00000)
  object space 173568K, 98% used [0x00000000c0000000,0x00000000ca72da98,0x00000000ca980000)
 Metaspace       used 100703K, committed 102080K, reserved 1179648K
  class space    used 10449K, committed 11072K, reserved 1048576K
}
Event: 12985.315 GC heap before
{Heap before GC invocations=2698 (full 55):
 PSYoungGen      total 3072K, used 3002K [0x00000000eab00000, 0x00000000eaf00000, 0x0000000100000000)
  eden space 2560K, 100% used [0x00000000eab00000,0x00000000ead80000,0x00000000ead80000)
  from space 512K, 86% used [0x00000000eae80000,0x00000000eaeee900,0x00000000eaf00000)
  to   space 512K, 0% used [0x00000000ead80000,0x00000000ead80000,0x00000000eae00000)
 ParOldGen       total 173568K, used 171190K [0x00000000c0000000, 0x00000000ca980000, 0x00000000eab00000)
  object space 173568K, 98% used [0x00000000c0000000,0x00000000ca72da98,0x00000000ca980000)
 Metaspace       used 100703K, committed 102080K, reserved 1179648K
  class space    used 10449K, committed 11072K, reserved 1048576K
}
Event: 12985.318 GC heap after
{Heap after GC invocations=2698 (full 55):
 PSYoungGen      total 3072K, used 490K [0x00000000eab00000, 0x00000000eaf80000, 0x0000000100000000)
  eden space 2560K, 0% used [0x00000000eab00000,0x00000000eab00000,0x00000000ead80000)
  from space 512K, 95% used [0x00000000ead80000,0x00000000eadfa910,0x00000000eae00000)
  to   space 1024K, 0% used [0x00000000eae80000,0x00000000eae80000,0x00000000eaf80000)
 ParOldGen       total 173568K, used 171603K [0x00000000c0000000, 0x00000000ca980000, 0x00000000eab00000)
  object space 173568K, 98% used [0x00000000c0000000,0x00000000ca794c98,0x00000000ca980000)
 Metaspace       used 100703K, committed 102080K, reserved 1179648K
  class space    used 10449K, committed 11072K, reserved 1048576K
}
Event: 12985.457 GC heap before
{Heap before GC invocations=2699 (full 55):
 PSYoungGen      total 3072K, used 3050K [0x00000000eab00000, 0x00000000eaf80000, 0x0000000100000000)
  eden space 2560K, 100% used [0x00000000eab00000,0x00000000ead80000,0x00000000ead80000)
  from space 512K, 95% used [0x00000000ead80000,0x00000000eadfa910,0x00000000eae00000)
  to   space 1024K, 0% used [0x00000000eae80000,0x00000000eae80000,0x00000000eaf80000)
 ParOldGen       total 173568K, used 171603K [0x00000000c0000000, 0x00000000ca980000, 0x00000000eab00000)
  object space 173568K, 98% used [0x00000000c0000000,0x00000000ca794c98,0x00000000ca980000)
 Metaspace       used 100703K, committed 102080K, reserved 1179648K
  class space    used 10449K, committed 11072K, reserved 1048576K
}
Event: 12985.460 GC heap after
{Heap after GC invocations=2699 (full 55):
 PSYoungGen      total 3584K, used 352K [0x00000000eab00000, 0x00000000eaf80000, 0x0000000100000000)
  eden space 2560K, 0% used [0x00000000eab00000,0x00000000eab00000,0x00000000ead80000)
  from space 1024K, 34% used [0x00000000eae80000,0x00000000eaed8000,0x00000000eaf80000)
  to   space 1024K, 0% used [0x00000000ead80000,0x00000000ead80000,0x00000000eae80000)
 ParOldGen       total 173568K, used 172023K [0x00000000c0000000, 0x00000000ca980000, 0x00000000eab00000)
  object space 173568K, 99% used [0x00000000c0000000,0x00000000ca7fdeb8,0x00000000ca980000)
 Metaspace       used 100703K, committed 102080K, reserved 1179648K
  class space    used 10449K, committed 11072K, reserved 1048576K
}
Event: 12985.526 GC heap before
{Heap before GC invocations=2700 (full 55):
 PSYoungGen      total 3584K, used 2912K [0x00000000eab00000, 0x00000000eaf80000, 0x0000000100000000)
  eden space 2560K, 100% used [0x00000000eab00000,0x00000000ead80000,0x00000000ead80000)
  from space 1024K, 34% used [0x00000000eae80000,0x00000000eaed8000,0x00000000eaf80000)
  to   space 1024K, 0% used [0x00000000ead80000,0x00000000ead80000,0x00000000eae80000)
 ParOldGen       total 173568K, used 172023K [0x00000000c0000000, 0x00000000ca980000, 0x00000000eab00000)
  object space 173568K, 99% used [0x00000000c0000000,0x00000000ca7fdeb8,0x00000000ca980000)
 Metaspace       used 100704K, committed 102080K, reserved 1179648K
  class space    used 10449K, committed 11072K, reserved 1048576K
}
Event: 12985.528 GC heap after
{Heap after GC invocations=2700 (full 55):
 PSYoungGen      total 3584K, used 474K [0x00000000eab00000, 0x00000000eaf00000, 0x0000000100000000)
  eden space 2560K, 0% used [0x00000000eab00000,0x00000000eab00000,0x00000000ead80000)
  from space 1024K, 46% used [0x00000000ead80000,0x00000000eadf6900,0x00000000eae80000)
  to   space 512K, 0% used [0x00000000eae80000,0x00000000eae80000,0x00000000eaf00000)
 ParOldGen       total 173568K, used 172327K [0x00000000c0000000, 0x00000000ca980000, 0x00000000eab00000)
  object space 173568K, 99% used [0x00000000c0000000,0x00000000ca849eb8,0x00000000ca980000)
 Metaspace       used 100704K, committed 102080K, reserved 1179648K
  class space    used 10449K, committed 11072K, reserved 1048576K
}
Event: 12985.534 GC heap before
{Heap before GC invocations=2701 (full 55):
 PSYoungGen      total 3584K, used 3034K [0x00000000eab00000, 0x00000000eaf00000, 0x0000000100000000)
  eden space 2560K, 100% used [0x00000000eab00000,0x00000000ead80000,0x00000000ead80000)
  from space 1024K, 46% used [0x00000000ead80000,0x00000000eadf6900,0x00000000eae80000)
  to   space 512K, 0% used [0x00000000eae80000,0x00000000eae80000,0x00000000eaf00000)
 ParOldGen       total 173568K, used 172327K [0x00000000c0000000, 0x00000000ca980000, 0x00000000eab00000)
  object space 173568K, 99% used [0x00000000c0000000,0x00000000ca849eb8,0x00000000ca980000)
 Metaspace       used 100704K, committed 102080K, reserved 1179648K
  class space    used 10449K, committed 11072K, reserved 1048576K
}
Event: 12985.537 GC heap after
{Heap after GC invocations=2701 (full 55):
 PSYoungGen      total 3072K, used 484K [0x00000000eab00000, 0x00000000eaf80000, 0x0000000100000000)
  eden space 2560K, 0% used [0x00000000eab00000,0x00000000eab00000,0x00000000ead80000)
  from space 512K, 94% used [0x00000000eae80000,0x00000000eaef9210,0x00000000eaf00000)
  to   space 1024K, 0% used [0x00000000ead80000,0x00000000ead80000,0x00000000eae80000)
 ParOldGen       total 173568K, used 172764K [0x00000000c0000000, 0x00000000ca980000, 0x00000000eab00000)
  object space 173568K, 99% used [0x00000000c0000000,0x00000000ca8b70b8,0x00000000ca980000)
 Metaspace       used 100704K, committed 102080K, reserved 1179648K
  class space    used 10449K, committed 11072K, reserved 1048576K
}
Event: 12985.780 GC heap before
{Heap before GC invocations=2702 (full 55):
 PSYoungGen      total 3072K, used 3044K [0x00000000eab00000, 0x00000000eaf80000, 0x0000000100000000)
  eden space 2560K, 100% used [0x00000000eab00000,0x00000000ead80000,0x00000000ead80000)
  from space 512K, 94% used [0x00000000eae80000,0x00000000eaef9210,0x00000000eaf00000)
  to   space 1024K, 0% used [0x00000000ead80000,0x00000000ead80000,0x00000000eae80000)
 ParOldGen       total 173568K, used 172764K [0x00000000c0000000, 0x00000000ca980000, 0x00000000eab00000)
  object space 173568K, 99% used [0x00000000c0000000,0x00000000ca8b70b8,0x00000000ca980000)
 Metaspace       used 100705K, committed 102080K, reserved 1179648K
  class space    used 10449K, committed 11072K, reserved 1048576K
}
Event: 12985.784 GC heap after
{Heap after GC invocations=2702 (full 55):
 PSYoungGen      total 3584K, used 352K [0x00000000eab00000, 0x00000000eaf80000, 0x0000000100000000)
  eden space 2560K, 0% used [0x00000000eab00000,0x00000000eab00000,0x00000000ead80000)
  from space 1024K, 34% used [0x00000000ead80000,0x00000000eadd8000,0x00000000eae80000)
  to   space 1024K, 0% used [0x00000000eae80000,0x00000000eae80000,0x00000000eaf80000)
 ParOldGen       total 173568K, used 173208K [0x00000000c0000000, 0x00000000ca980000, 0x00000000eab00000)
  object space 173568K, 99% used [0x00000000c0000000,0x00000000ca9262d8,0x00000000ca980000)
 Metaspace       used 100705K, committed 102080K, reserved 1179648K
  class space    used 10449K, committed 11072K, reserved 1048576K
}
Event: 12985.784 GC heap before
{Heap before GC invocations=2703 (full 56):
 PSYoungGen      total 3584K, used 352K [0x00000000eab00000, 0x00000000eaf80000, 0x0000000100000000)
  eden space 2560K, 0% used [0x00000000eab00000,0x00000000eab00000,0x00000000ead80000)
  from space 1024K, 34% used [0x00000000ead80000,0x00000000eadd8000,0x00000000eae80000)
  to   space 1024K, 0% used [0x00000000eae80000,0x00000000eae80000,0x00000000eaf80000)
 ParOldGen       total 173568K, used 173208K [0x00000000c0000000, 0x00000000ca980000, 0x00000000eab00000)
  object space 173568K, 99% used [0x00000000c0000000,0x00000000ca9262d8,0x00000000ca980000)
 Metaspace       used 100705K, committed 102080K, reserved 1179648K
  class space    used 10449K, committed 11072K, reserved 1048576K
}

